http://cs.jhu.edu/~yarowsky/cs466.htmlDate: Wed, 22 Apr 2015 17:41:15 GMT
Server: Apache/2.2.15 (Scientific Linux)
Last-Modified: Thu, 16 Apr 2015 15:37:55 GMT
ETag: "52f8ecf-12c2-513d93f563ac0"
Accept-Ranges: bytes
Connection: close
Transfer-Encoding: chunked
Content-Type: text/html; charset=UTF-8
Date: Wed, 22 Apr 2015 17:41:15 GMT
Server: Apache/2.2.15 (Scientific Linux)
Last-Modified: Thu, 16 Apr 2015 15:37:55 GMT
ETag: "52f8ecf-12c2-513d93f563ac0"
Accept-Ranges: bytes
Connection: close
Transfer-Encoding: chunked
Content-Type: text/html; charset=UTF-8
(http://cs.jhu.edu/~yarowsky/cs466.html EMAIL )
(http://cs.jhu.edu/~yarowsky/cs466.html PHONE )
http://www.cs.jhu.edu/~yarowsky/600.466.hw4.pdfDate: Wed, 22 Apr 2015 17:41:15 GMT
Server: Apache/2.2.15 (Scientific Linux)
Last-Modified: Fri, 10 Apr 2015 14:19:21 GMT
ETag: "c444141-1a3d8-5135f73500c40"
Accept-Ranges: bytes
Content-Length: 107480
Connection: close
Content-Type: application/pdf
http://www.cs.jhu.edu/~yarowsky/Date: Wed, 22 Apr 2015 17:41:15 GMT
Server: Apache/2.2.15 (Scientific Linux)
Last-Modified: Wed, 18 Sep 2013 20:57:04 GMT
ETag: "52f8f81-c3a-4e6aeadf42800"
Accept-Ranges: bytes
Connection: close
Transfer-Encoding: chunked
Content-Type: text/html; charset=UTF-8
Date: Wed, 22 Apr 2015 17:41:15 GMT
Server: Apache/2.2.15 (Scientific Linux)
Last-Modified: Wed, 18 Sep 2013 20:57:04 GMT
ETag: "52f8f81-c3a-4e6aeadf42800"
Accept-Ranges: bytes
Connection: close
Transfer-Encoding: chunked
Content-Type: text/html; charset=UTF-8
(http://www.cs.jhu.edu/~yarowsky/ EMAIL )
(http://www.cs.jhu.edu/~yarowsky/ PHONE )
http://www.cs.jhu.edu/Date: Wed, 22 Apr 2015 17:41:16 GMT
Server: Apache
X-Pingback: http://engineering.jhu.edu/computer-science/xmlrpc.php
Link: <http://engineering.jhu.edu/computer-science/>; rel=shortlink
X-UA-Compatible: IE=edge,chrome=1
Vary: Accept-Encoding,User-Agent
Content-Type: text/html; charset=UTF-8
Accept-Ranges: bytes
X-Varnish: 1231325438
Age: 0
Via: 1.1 varnish
Connection: close
Transfer-Encoding: chunked
Date: Wed, 22 Apr 2015 17:41:16 GMT
Server: Apache
X-Pingback: http://engineering.jhu.edu/computer-science/xmlrpc.php
Link: <http://engineering.jhu.edu/computer-science/>; rel=shortlink
X-UA-Compatible: IE=edge,chrome=1
Vary: Accept-Encoding,User-Agent
Content-Type: text/html; charset=UTF-8
Accept-Ranges: bytes
X-Varnish: 1231325441
Age: 0
Via: 1.1 varnish
Connection: close
Transfer-Encoding: chunked
(http://www.cs.jhu.edu/ EMAIL )
(http://www.cs.jhu.edu/ PHONE )
http://www.cs.jhu.edu/undergraduate-studies/concurrent-bachelors-masters/Date: Wed, 22 Apr 2015 17:41:17 GMT
Server: Apache
X-Pingback: http://engineering.jhu.edu/computer-science/xmlrpc.php
Link: <http://engineering.jhu.edu/computer-science/?p=4039>; rel=shortlink
X-UA-Compatible: IE=edge,chrome=1
Vary: Accept-Encoding,User-Agent
Content-Type: text/html; charset=UTF-8
Accept-Ranges: bytes
X-Varnish: 1231325445
Age: 0
Via: 1.1 varnish
Connection: close
Transfer-Encoding: chunked
